<?xml version="1.0" encoding="UTF-8"?>
<testsuite name="TesteGandle" tests="1" skipped="0" failures="0" errors="0" timestamp="2020-05-10T22:10:41" hostname="DESKTOP-DS9E2A6" time="32.48">
  <properties/>
  <testcase name="criarContaNoApp" classname="TesteGandle" time="32.48"/>
  <system-out><![CDATA[]]></system-out>
  <system-err><![CDATA[mai 10, 2020 7:10:51 PM io.appium.java_client.remote.AppiumCommandExecutor$1 lambda$0
INFORMAÇÕES: Detected dialect: W3C
]]></system-err>
</testsuite>
